<?xml version="1.0" encoding="UTF-8"?>
<testng-results ignored="0" total="0" passed="0" failed="0" skipped="0">
  <reporter-output>
  </reporter-output>
  <suite started-at="2022-09-18T12:55:12 IST" name="Suite" finished-at="2022-09-18T12:55:12 IST" duration-ms="72">
    <groups>
    </groups>
    <test started-at="2022-09-18T12:55:12 IST" name="Test_firefox" finished-at="2022-09-18T12:55:12 IST" duration-ms="62">
    </test> <!-- Test_firefox -->
    <test started-at="2022-09-18T12:55:12 IST" name="Test_chrome" finished-at="2022-09-18T12:55:12 IST" duration-ms="72">
    </test> <!-- Test_chrome -->
  </suite> <!-- Suite -->
</testng-results>
